6.1805 	EXP 	Created window1 = Window(allowGUI=True, allowStencil=False, args=UNKNOWN, autoLog=True, bitsMode=UNKNOWN, blendMode='avg', color=array([0., 0., 0.]), colorSpace='rgb', fullscr=UNKNOWN, gamma=None, kwargs=UNKNOWN, lms=UNKNOWN, monitor=<psychopy.monitors.calibTools.Monitor object at 0x113e2a3d0>, multiSample=False, name='window1', numSamples=2, pos=[780, 420], screen=0, size=array([1000,  600]), stereo=False, units=u'norm', useFBO=True, useRetina=False, viewOri=0.0, viewPos=None, viewScale=None, waitBlanking=True, winType=u'pyglet')
6.1805 	EXP 	window1: recordFrameIntervals = False
6.3469 	EXP 	window1: recordFrameIntervals = True
6.5304 	EXP 	window1: recordFrameIntervals = False
6.7393 	EXP 	Created instruction1 = TextStim(alignHoriz='center', alignVert='center', antialias=True, autoLog=True, bold=False, color='white', colorSpace='named', contrast=1.0, depth=0.0, flipHoriz=False, flipVert=False, font='Arial', fontFiles=[], height=0.1, italic=False, name='instruction1', opacity=1.0, ori=0, pos=array([0., 0.]), rgb=array([255., 255., 255.]), text=newstr(...), units=u'norm', win=Window(...), wrapWidth=2)
6.7513 	EXP 	Created word1 = TextStim(alignHoriz='center', alignVert='center', antialias=True, autoLog=True, bold=False, color='white', colorSpace='named', contrast=1.0, depth=0.0, flipHoriz=False, flipVert=False, font='Arial', fontFiles=[], height=0.3, italic=False, name='word1', opacity=1.0, ori=0, pos=array([0. , 0.3]), rgb=array([255., 255., 255.]), text='default text', units=u'norm', win=Window(...), wrapWidth=1)
6.7581 	EXP 	Created trial_number1 = TextStim(alignHoriz='center', alignVert='center', antialias=True, autoLog=True, bold=False, color='white', colorSpace='named', contrast=1.0, depth=-1.0, flipHoriz=False, flipVert=False, font='Arial', fontFiles=[], height=0.1, italic=False, name='trial_number1', opacity=1.0, ori=0, pos=array([ 0.5, -0.8]), rgb=array([255., 255., 255.]), text='default text', units=u'norm', win=Window(...), wrapWidth=1)
8.3050 	EXP 	Set  sound=C
8.3284 	EXP 	Set  sound=A
8.3284 	EXP 	Sound  set volume 1.000
8.3478 	EXP 	Created scale_msg1 = TextStim(alignHoriz='center', alignVert='center', antialias=True, autoLog=True, bold=False, color='white', colorSpace='named', contrast=1.0, depth=-3.0, flipHoriz=False, flipVert=False, font='Arial', fontFiles=[], height=0.1, italic=False, name='scale_msg1', opacity=1.0, ori=0, pos=array([ 0. , -0.2]), rgb=array([255., 255., 255.]), text='least accurate(1)            most accurate(7)', units=u'norm', win=Window(...), wrapWidth=2)
8.3960 	EXP 	Created rating1 = RatingScale(acceptKeys=['return'], acceptPreText=UNKNOWN, acceptSize=UNKNOWN, acceptText='accept?', autoLog=True, choices=False, depth=0, disappear=False, flipVert=False, high=7, kwargs=UNKNOWN, labels=list(...), leftKeys=['left'], lineColor='White', low=1, marker=ShapeStim(...), markerColor='DarkBlue', markerExpansion=UNKNOWN, markerStart=None, maxTime=0.0, minTime=0.4, mouseOnly=False, name='rating1', noMouse=False, pos=[0.0, -0.4], precision=1, respKeys=['1', '2', '3', '4', '5', '6', '7'], rightKeys=['right'], scale='', self=UNKNOWN, showAccept=True, showValue=True, singleClick=False, size=0.6, skipKeys=['tab'], stretch=1.0, textColor='LightGray', textFont='Helvetica Bold', textSize=0.12, tickHeight=1.0, tickMarks=6.0, win=Window(...))
8.4555 	EXP 	Created instruction2 = TextStim(alignHoriz='center', alignVert='center', antialias=True, autoLog=True, bold=False, color='white', colorSpace='named', contrast=1.0, depth=0.0, flipHoriz=False, flipVert=False, font='Arial', fontFiles=[], height=0.1, italic=False, name='instruction2', opacity=1.0, ori=0, pos=array([0., 0.]), rgb=array([255., 255., 255.]), text=newstr(...), units=u'norm', win=Window(...), wrapWidth=2)
8.4618 	EXP 	Created word2 = TextStim(alignHoriz='center', alignVert='center', antialias=True, autoLog=True, bold=False, color='white', colorSpace='named', contrast=1.0, depth=0.0, flipHoriz=False, flipVert=False, font='Arial', fontFiles=[], height=0.3, italic=False, name='word2', opacity=1.0, ori=0, pos=array([0. , 0.2]), rgb=array([255., 255., 255.]), text='default text', units=u'norm', win=Window(...), wrapWidth=1)
8.4682 	EXP 	Created trial_number2 = TextStim(alignHoriz='center', alignVert='center', antialias=True, autoLog=True, bold=False, color='white', colorSpace='named', contrast=1.0, depth=-1.0, flipHoriz=False, flipVert=False, font='Arial', fontFiles=[], height=0.1, italic=False, name='trial_number2', opacity=1.0, ori=0, pos=array([ 0.5, -0.8]), rgb=array([255., 255., 255.]), text='default text', units=u'norm', win=Window(...), wrapWidth=1)
8.4897 	EXP 	Set  sound=A
8.4897 	EXP 	Sound  set volume 1.000
8.5104 	EXP 	Created scale_msg2 = TextStim(alignHoriz='center', alignVert='center', antialias=True, autoLog=True, bold=False, color='white', colorSpace='named', contrast=1.0, depth=-3.0, flipHoriz=False, flipVert=False, font='Arial', fontFiles=[], height=0.1, italic=False, name='scale_msg2', opacity=1.0, ori=0, pos=array([ 0. , -0.2]), rgb=array([255., 255., 255.]), text='least accurate(1)            most accurate(7)', units=u'norm', win=Window(...), wrapWidth=2)
8.5286 	EXP 	Created rating2 = RatingScale(acceptKeys=['return'], acceptPreText=UNKNOWN, acceptSize=UNKNOWN, acceptText='accept?', autoLog=True, choices=False, depth=0, disappear=False, flipVert=False, high=7, kwargs=UNKNOWN, labels=list(...), leftKeys=['left'], lineColor='White', low=1, marker=ShapeStim(...), markerColor='DarkBlue', markerExpansion=UNKNOWN, markerStart=None, maxTime=0.0, minTime=0.4, mouseOnly=False, name='rating2', noMouse=False, pos=[0.0, -0.4], precision=1, respKeys=['1', '2', '3', '4', '5', '6', '7'], rightKeys=['right'], scale='', self=UNKNOWN, showAccept=True, showValue=True, singleClick=False, size=0.6, skipKeys=['tab'], stretch=1.0, textColor='LightGray', textFont='Helvetica Bold', textSize=0.12, tickHeight=1.0, tickMarks=6.0, win=Window(...))
8.5463 	EXP 	Created text = TextStim(alignHoriz='center', alignVert='center', antialias=True, autoLog=True, bold=False, color='white', colorSpace='named', contrast=1.0, depth=0.0, flipHoriz=False, flipVert=False, font='Arial', fontFiles=[], height=0.1, italic=False, name='text', opacity=1.0, ori=0, pos=array([0., 0.]), rgb=array([255., 255., 255.]), text=newstr(...), units=u'norm', win=Window(...), wrapWidth=2)
8.5661 	EXP 	rating1: flipVert = False
8.5661 	EXP 	rating1: autoLog = True
8.5661 	EXP 	rating2: flipVert = False
8.5661 	EXP 	rating2: autoLog = True
8.5661 	EXP 	instruction1: autoDraw = True
11.3209 	DATA 	Keypress: space
11.3270 	EXP 	Imported practice_stimuli.xlsx as conditions, 2 conditions, 2 params
11.3274 	EXP 	Created sequence: random, trialTypes=2, nReps=1, seed=None
11.3277 	EXP 	New trial (rep=0, index=0): OrderedDict([(u'word', u'cloud'), (u'sound', u'sound/cloud.wav')])
11.3431 	EXP 	Set  sound=sound/cloud.wav
11.3443 	EXP 	RatingScale rating1: reset()
11.3672 	EXP 	instruction1: autoDraw = False
11.3672 	EXP 	word1: text = u'cloud'
11.3672 	EXP 	trial_number1: text = '1 / 2'
11.3672 	EXP 	word1: autoDraw = True
11.3672 	EXP 	trial_number1: autoDraw = True
12.3353 	EXP 	Sound  started
12.7715 	DATA 	Keypress: space
13.3687 	EXP 	scale_msg1: autoDraw = True
13.3687 	EXP 	rating1: autoDraw = True
15.0380 	DATA 	Keypress: 3
16.5565 	DATA 	Keypress: 3
17.0238 	DATA 	Keypress: 3
17.6759 	DATA 	Mouse: Left button down, pos=(529,107)
17.6920 	DATA 	RatingScale rating1: (mouse response) rating=3
17.6920 	DATA 	RatingScale rating1: rating RT=4.355
17.6920 	DATA 	RatingScale rating1: history=[(None, 0.0), (3, 1.703), (3, 4.355)]
17.7065 	EXP 	Sound  stopped
17.7070 	EXP 	New trial (rep=0, index=1): OrderedDict([(u'word', u'clout'), (u'sound', u'sound/clout.wav')])
17.7182 	EXP 	Set  sound=sound/clout.wav
17.7263 	EXP 	RatingScale rating1: reset()
17.7388 	EXP 	word1: autoDraw = False
17.7388 	EXP 	trial_number1: autoDraw = False
17.7388 	EXP 	scale_msg1: autoDraw = False
17.7388 	EXP 	rating1: autoDraw = False
17.7388 	EXP 	word1: text = u'clout'
17.7388 	EXP 	trial_number1: text = '2 / 2'
17.7388 	EXP 	word1: autoDraw = True
17.7388 	EXP 	trial_number1: autoDraw = True
17.8224 	DATA 	Mouse:  Left button up, pos=(529,107)
18.7235 	EXP 	Sound  started
18.9253 	DATA 	Keypress: 3
19.7240 	EXP 	scale_msg1: autoDraw = True
19.7240 	EXP 	rating1: autoDraw = True
20.5125 	DATA 	Keypress: 4
21.3095 	DATA 	Mouse: Left button down, pos=(529,107)
21.3120 	DATA 	RatingScale rating1: (mouse response) rating=4
21.3120 	DATA 	RatingScale rating1: rating RT=1.604
21.3120 	DATA 	RatingScale rating1: history=[(None, 0.0), (3, 0.001), (4, 0.805), (4, 1.604)]
21.3255 	EXP 	Sound  stopped
21.3414 	EXP 	word1: autoDraw = False
21.3414 	EXP 	trial_number1: autoDraw = False
21.3414 	EXP 	scale_msg1: autoDraw = False
21.3414 	EXP 	rating1: autoDraw = False
21.3414 	EXP 	instruction2: autoDraw = True
21.4764 	DATA 	Mouse:  Left button up, pos=(529,107)
28.2486 	DATA 	Keypress: escape
28.2606 	EXP 	window1: mouseVisible = True
